<?xml version="1.0" encoding="UTF-8"?>
<!-- Generated by org.testng.reporters.JUnitReportReporter -->
<testsuite hostname="Gayathri_27" failures="0" tests="3" name="FrameWork.TestNGEx" time="0.015" errors="0" timestamp="2024-03-20T12:06:09 IST" skipped="1">
  <testcase classname="FrameWork.TestNGEx" name="editContact" time="0.003"/>
  <testcase classname="FrameWork.TestNGEx" name="createContact" time="0.012"/>
  <testcase classname="FrameWork.TestNGEx" name="deleteContact">
    <skipped/>
  </testcase> <!-- deleteContact -->
</testsuite> <!-- FrameWork.TestNGEx -->
