<?xml version="1.0" encoding="UTF-8"?>
<!-- Generated by org.testng.reporters.JUnitReportReporter -->
<testsuite hostname="Gayathri_27" failures="0" tests="1" name="PopUp.goibibo" time="6.542" errors="0" timestamp="2024-02-20T20:20:00 IST" skipped="0">
  <testcase classname="PopUp.goibibo" name="goibibo" time="6.542"/>
</testsuite> <!-- PopUp.goibibo -->
