<?xml version="1.0" encoding="UTF-8"?>
<!-- Generated by org.testng.reporters.JUnitReportReporter -->
<testsuite hostname="Gayathri_27" failures="0" tests="1" name="advanceScenarios.FacebookKeyEx" time="5.688" errors="0" timestamp="2024-02-20T20:20:00 IST" skipped="0">
  <testcase classname="advanceScenarios.FacebookKeyEx" name="FacebookKeyEx" time="5.688"/>
</testsuite> <!-- advanceScenarios.FacebookKeyEx -->
