<?xml version="1.0" encoding="UTF-8"?>
<!-- Generated by org.testng.reporters.JUnitReportReporter -->
<testsuite hostname="Gayathri_27" failures="0" tests="1" name="FrameWork.TakeScreenShot" time="3.457" errors="0" timestamp="2024-02-22T19:19:58 IST" skipped="0">
  <testcase classname="FrameWork.TakeScreenShot" name="screenshot" time="3.457"/>
</testsuite> <!-- FrameWork.TakeScreenShot -->
